[debug] [2025-06-08T05:45:23.498Z] ----------------------------------------------------------------------
[debug] [2025-06-08T05:45:23.500Z] Command:       C:\Program Files\nodejs\node.exe C:\Users\RAHUL\AppData\Roaming\npm\node_modules\firebase-tools\lib\bin\firebase.js init firestore
[debug] [2025-06-08T05:45:23.501Z] CLI Version:   14.6.0
[debug] [2025-06-08T05:45:23.501Z] Platform:      win32
[debug] [2025-06-08T05:45:23.501Z] Node Version:  v22.14.0
[debug] [2025-06-08T05:45:23.501Z] Time:          Sun Jun 08 2025 11:15:23 GMT+0530 (India Standard Time)
[debug] [2025-06-08T05:45:23.502Z] ----------------------------------------------------------------------
[debug] 
[debug] [2025-06-08T05:45:23.699Z] > command requires scopes: ["email","openid","https://www.googleapis.com/auth/cloudplatformprojects.readonly","https://www.googleapis.com/auth/firebase","https://www.googleapis.com/auth/cloud-platform"]
[debug] [2025-06-08T05:45:23.699Z] > authorizing via signed-in user (rahulvk371@gmail.com)
[info] 
     ######## #### ########  ######## ########     ###     ######  ########
     ##        ##  ##     ## ##       ##     ##  ##   ##  ##       ##
     ######    ##  ########  ######   ########  #########  ######  ######
     ##        ##  ##    ##  ##       ##     ## ##     ##       ## ##
     ##       #### ##     ## ######## ########  ##     ##  ######  ########

You're about to initialize a Firebase project in this directory:

  E:\Rahul\Ztrike main project\75 done\ztrike-sports-platform

Before we get started, keep in mind:

  * You are initializing within an existing Firebase project directory

[debug] [2025-06-08T05:45:34.840Z] ExitPromptError: User force closed the prompt with SIGINT
    at Interface.sigint (C:\Users\RAHUL\AppData\Roaming\npm\node_modules\firebase-tools\node_modules\@inquirer\core\dist\commonjs\lib\create-prompt.js:101:37)
    at Interface.emit (node:events:518:28)
    at Interface.emit (node:domain:489:12)
    at [_ttyWrite] [as _ttyWrite] (node:internal/readline/interface:1124:18)
    at ReadStream.onkeypress (node:internal/readline/interface:263:20)
    at ReadStream.emit (node:events:530:35)
    at ReadStream.emit (node:domain:489:12)
    at emitKeys (node:internal/readline/utils:370:14)
    at emitKeys.next (<anonymous>)
    at ReadStream.onData (node:internal/readline/emitKeypressEvents:64:36)
[error] 
[error] Error: An unexpected error has occurred.
